Determining if the pthread_create exist failed with the following output:
Change Dir: /home/mima/project/some/build/CMakeFiles/CMakeTmp

Run Build Command:"/usr/bin/make" "cmTC_63f0d/fast"
/usr/bin/make -f CMakeFiles/cmTC_63f0d.dir/build.make CMakeFiles/cmTC_63f0d.dir/build
make[1]: 进入目录“/home/mima/project/some/build/CMakeFiles/CMakeTmp”
Building C object CMakeFiles/cmTC_63f0d.dir/CheckSymbolExists.c.o
/usr/bin/cc    -o CMakeFiles/cmTC_63f0d.dir/CheckSymbolExists.c.o   -c /home/mima/project/some/build/CMakeFiles/CMakeTmp/CheckSymbolExists.c
Linking C executable cmTC_63f0d
/usr/bin/cmake -E cmake_link_script CMakeFiles/cmTC_63f0d.dir/link.txt --verbose=1
/usr/bin/cc      -rdynamic CMakeFiles/cmTC_63f0d.dir/CheckSymbolExists.c.o  -o cmTC_63f0d 
CMakeFiles/cmTC_63f0d.dir/CheckSymbolExists.c.o：在函数‘main’中：
CheckSymbolExists.c:(.text+0x1b)：对‘pthread_create’未定义的引用
collect2: error: ld returned 1 exit status
CMakeFiles/cmTC_63f0d.dir/build.make:97: recipe for target 'cmTC_63f0d' failed
make[1]: *** [cmTC_63f0d] Error 1
make[1]: 离开目录“/home/mima/project/some/build/CMakeFiles/CMakeTmp”
Makefile:126: recipe for target 'cmTC_63f0d/fast' failed
make: *** [cmTC_63f0d/fast] Error 2

File /home/mima/project/some/build/CMakeFiles/CMakeTmp/CheckSymbolExists.c:
/* */
#include <pthread.h>

int main(int argc, char** argv)
{
  (void)argv;
#ifndef pthread_create
  return ((int*)(&pthread_create))[argc];
#else
  (void)argc;
  return 0;
#endif
}

Determining if the function pthread_create exists in the pthreads failed with the following output:
Change Dir: /home/mima/project/some/build/CMakeFiles/CMakeTmp

Run Build Command:"/usr/bin/make" "cmTC_49f6b/fast"
/usr/bin/make -f CMakeFiles/cmTC_49f6b.dir/build.make CMakeFiles/cmTC_49f6b.dir/build
make[1]: 进入目录“/home/mima/project/some/build/CMakeFiles/CMakeTmp”
Building C object CMakeFiles/cmTC_49f6b.dir/CheckFunctionExists.c.o
/usr/bin/cc   -DCHECK_FUNCTION_EXISTS=pthread_create   -o CMakeFiles/cmTC_49f6b.dir/CheckFunctionExists.c.o   -c /usr/share/cmake-3.10/Modules/CheckFunctionExists.c
Linking C executable cmTC_49f6b
/usr/bin/cmake -E cmake_link_script CMakeFiles/cmTC_49f6b.dir/link.txt --verbose=1
/usr/bin/cc  -DCHECK_FUNCTION_EXISTS=pthread_create    -rdynamic CMakeFiles/cmTC_49f6b.dir/CheckFunctionExists.c.o  -o cmTC_49f6b -lpthreads 
/usr/bin/ld: 找不到 -lpthreads
collect2: error: ld returned 1 exit status
CMakeFiles/cmTC_49f6b.dir/build.make:97: recipe for target 'cmTC_49f6b' failed
make[1]: *** [cmTC_49f6b] Error 1
make[1]: 离开目录“/home/mima/project/some/build/CMakeFiles/CMakeTmp”
Makefile:126: recipe for target 'cmTC_49f6b/fast' failed
make: *** [cmTC_49f6b/fast] Error 2


